[32m@vue-google-adsense/demo:build: [0mcache hit, replaying output [2ma91772f060ff3b8b[0m
[32m@vue-google-adsense/demo:build: [0m
[32m@vue-google-adsense/demo:build: [0m> @vue-google-adsense/demo@2.0.0 build /Users/irfan.maulana/Documents/workspace/personal/vue-google-adsense/packages/demo
[32m@vue-google-adsense/demo:build: [0m> vue-cli-service build
[32m@vue-google-adsense/demo:build: [0m
[32m@vue-google-adsense/demo:build: [0m
[32m@vue-google-adsense/demo:build: [0m-  Building for production...
[32m@vue-google-adsense/demo:build: [0m WARNING  Compiled with 2 warnings8:18:24 PM
[32m@vue-google-adsense/demo:build: [0m
[32m@vue-google-adsense/demo:build: [0m warning  
[32m@vue-google-adsense/demo:build: [0m
[32m@vue-google-adsense/demo:build: [0masset size limit: The following asset(s) exceed the recommended size limit (244 KiB).
[32m@vue-google-adsense/demo:build: [0mThis can impact web performance.
[32m@vue-google-adsense/demo:build: [0mAssets: 
[32m@vue-google-adsense/demo:build: [0m  js/chunk-vendors.f40f3dfa.js (337 KiB)
[32m@vue-google-adsense/demo:build: [0m
[32m@vue-google-adsense/demo:build: [0m warning  
[32m@vue-google-adsense/demo:build: [0m
[32m@vue-google-adsense/demo:build: [0mentrypoint size limit: The following entrypoint(s) combined asset size exceeds the recommended limit (244 KiB). This can impact web performance.
[32m@vue-google-adsense/demo:build: [0mEntrypoints:
[32m@vue-google-adsense/demo:build: [0m  app (520 KiB)
[32m@vue-google-adsense/demo:build: [0m      css/chunk-vendors.cb7826a5.css
[32m@vue-google-adsense/demo:build: [0m      js/chunk-vendors.f40f3dfa.js
[32m@vue-google-adsense/demo:build: [0m      css/app.d53675ef.css
[32m@vue-google-adsense/demo:build: [0m      js/app.fe1c2ee0.js
[32m@vue-google-adsense/demo:build: [0m
[32m@vue-google-adsense/demo:build: [0m
[32m@vue-google-adsense/demo:build: [0m  File                                      Size             Gzipped
[32m@vue-google-adsense/demo:build: [0m
[32m@vue-google-adsense/demo:build: [0m  dist/js/chunk-vendors.f40f3dfa.js         337.25 KiB       100.91 KiB
[32m@vue-google-adsense/demo:build: [0m  dist/js/app.fe1c2ee0.js                   16.38 KiB        4.64 KiB
[32m@vue-google-adsense/demo:build: [0m  dist/js/in-article.b8439272.js            10.00 KiB        2.38 KiB
[32m@vue-google-adsense/demo:build: [0m  dist/js/in-feed.0cc31f18.js               6.17 KiB         2.05 KiB
[32m@vue-google-adsense/demo:build: [0m  dist/precache-manifest.c3bc372e08c7ed6    1.89 KiB         0.57 KiB
[32m@vue-google-adsense/demo:build: [0m  af72b6c1ce7708b40.js
[32m@vue-google-adsense/demo:build: [0m  dist/service-worker.js                    1.07 KiB         0.62 KiB
[32m@vue-google-adsense/demo:build: [0m  dist/css/chunk-vendors.cb7826a5.css       166.59 KiB       25.06 KiB
[32m@vue-google-adsense/demo:build: [0m  dist/css/app.d53675ef.css                 0.18 KiB         0.13 KiB
[32m@vue-google-adsense/demo:build: [0m  dist/css/in-article.d53675ef.css          0.18 KiB         0.13 KiB
[32m@vue-google-adsense/demo:build: [0m  dist/css/in-feed.d53675ef.css             0.18 KiB         0.13 KiB
[32m@vue-google-adsense/demo:build: [0m
[32m@vue-google-adsense/demo:build: [0m  Images and other types of assets omitted.
[32m@vue-google-adsense/demo:build: [0m
[32m@vue-google-adsense/demo:build: [0m DONE  Build complete. The dist directory is ready to be deployed.
[32m@vue-google-adsense/demo:build: [0m INFO  Check out deployment instructions at https://cli.vuejs.org/guide/deployment.html
[32m@vue-google-adsense/demo:build: [0m      
