[35mvue-google-adsense:build: [0mcache hit, replaying output [2ma682686aeaffda65[0m
[35mvue-google-adsense:build: [0m
[35mvue-google-adsense:build: [0m> vue-google-adsense@2.0.0 build /Users/irfan.maulana/Documents/workspace/personal/vue-google-adsense/packages/lib
[35mvue-google-adsense:build: [0m> bili --format esm-min --format cjs-min
[35mvue-google-adsense:build: [0m
[35mvue-google-adsense:build: [0m- Bundle src/VueGoogleAdsense.ts in esm-min format
[35mvue-google-adsense:build: [0mBrowserslist: caniuse-lite is outdated. Please run:
[35mvue-google-adsense:build: [0mnpx browserslist@latest --update-db
[35mvue-google-adsense:build: [0m
[35mvue-google-adsense:build: [0mWhy you should do it regularly:
[35mvue-google-adsense:build: [0mhttps://github.com/browserslist/browserslist#browsers-data-updating
[35mvue-google-adsense:build: [0msuccess Bundled src/VueGoogleAdsense.ts in esm-min format (559ms)
[35mvue-google-adsense:build: [0m/bin/sh: /Users/irfan.maulana/Documents/workspace/personal/vue-google-adsense/node_modules/.pnpm/bili@5.0.5/node_modules/bili/dist/vendor/macos/term-size: No such file or directory
[35mvue-google-adsense:build: [0mâ”Œâ”€â”€â”€â”€â”€â”€â”€â”€â”€â”€â”€â”€â”€â”€â”€â”€â”€â”€â”€â”€â”€â”€â”€â”€â”€â”€â”€â”€â”€â”€â”€â”€â”€â”€â”€â”€â”€â”€â”€â”€â”€â”€â”€â”€â”€â”€â”€â”€â”€â”€â”
[35mvue-google-adsense:build: [0mâ”‚File                              Size     Gzippedâ”‚
[35mvue-google-adsense:build: [0mâ”‚dist/VueGoogleAdsense.esm.min.js  5.79 kB  1.33 kBâ”‚
[35mvue-google-adsense:build: [0mâ””â”€â”€â”€â”€â”€â”€â”€â”€â”€â”€â”€â”€â”€â”€â”€â”€â”€â”€â”€â”€â”€â”€â”€â”€â”€â”€â”€â”€â”€â”€â”€â”€â”€â”€â”€â”€â”€â”€â”€â”€â”€â”€â”€â”€â”€â”€â”€â”€â”€â”€â”˜
[35mvue-google-adsense:build: [0m- Bundle src/VueGoogleAdsense.ts in cjs-min format
[35mvue-google-adsense:build: [0mwarning prefer_named_exports: Entry module "src/VueGoogleAdsense.ts" is implicitly using "default" export mode, which means for CommonJS output that its default export is assigned to "module.exports". For many tools, such CommonJS output will not be interchangeable with the original ES module. If this is intended, explicitly set "output.exports" to either "auto" or "default", otherwise you might want to consider changing the signature of "src/VueGoogleAdsense.ts" to use named exports only.
[35mvue-google-adsense:build: [0msuccess Bundled src/VueGoogleAdsense.ts in cjs-min format (401ms)
[35mvue-google-adsense:build: [0m/bin/sh: /Users/irfan.maulana/Documents/workspace/personal/vue-google-adsense/node_modules/.pnpm/bili@5.0.5/node_modules/bili/dist/vendor/macos/term-size: No such file or directory
[35mvue-google-adsense:build: [0mâ”Œâ”€â”€â”€â”€â”€â”€â”€â”€â”€â”€â”€â”€â”€â”€â”€â”€â”€â”€â”€â”€â”€â”€â”€â”€â”€â”€â”€â”€â”€â”€â”€â”€â”€â”€â”€â”€â”€â”€â”€â”€â”€â”€â”€â”€â”€â”€â”
[35mvue-google-adsense:build: [0mâ”‚File                          Size     Gzippedâ”‚
[35mvue-google-adsense:build: [0mâ”‚dist/VueGoogleAdsense.min.js  6.56 kB  1.31 kBâ”‚
[35mvue-google-adsense:build: [0mâ””â”€â”€â”€â”€â”€â”€â”€â”€â”€â”€â”€â”€â”€â”€â”€â”€â”€â”€â”€â”€â”€â”€â”€â”€â”€â”€â”€â”€â”€â”€â”€â”€â”€â”€â”€â”€â”€â”€â”€â”€â”€â”€â”€â”€â”€â”€â”˜
[35mvue-google-adsense:build: [0m- Bundle src/ads/Adsense.ts in esm-min format
[35mvue-google-adsense:build: [0msuccess Bundled src/ads/Adsense.ts in esm-min format (102ms)
[35mvue-google-adsense:build: [0m/bin/sh: /Users/irfan.maulana/Documents/workspace/personal/vue-google-adsense/node_modules/.pnpm/bili@5.0.5/node_modules/bili/dist/vendor/macos/term-size: No such file or directory
[35mvue-google-adsense:build: [0mâ”Œâ”€â”€â”€â”€â”€â”€â”€â”€â”€â”€â”€â”€â”€â”€â”€â”€â”€â”€â”€â”€â”€â”€â”€â”€â”€â”€â”€â”€â”€â”€â”€â”€â”€â”€â”€â”€â”€â”€â”€â”€â”
[35mvue-google-adsense:build: [0mâ”‚File                     Size    Gzippedâ”‚
[35mvue-google-adsense:build: [0mâ”‚dist/Adsense.esm.min.js  2.2 kB  847 B  â”‚
[35mvue-google-adsense:build: [0mâ””â”€â”€â”€â”€â”€â”€â”€â”€â”€â”€â”€â”€â”€â”€â”€â”€â”€â”€â”€â”€â”€â”€â”€â”€â”€â”€â”€â”€â”€â”€â”€â”€â”€â”€â”€â”€â”€â”€â”€â”€â”˜
[35mvue-google-adsense:build: [0m- Bundle src/ads/Adsense.ts in cjs-min format
[35mvue-google-adsense:build: [0mwarning prefer_named_exports: Entry module "src/ads/Adsense.ts" is implicitly using "default" export mode, which means for CommonJS output that its default export is assigned to "module.exports". For many tools, such CommonJS output will not be interchangeable with the original ES module. If this is intended, explicitly set "output.exports" to either "auto" or "default", otherwise you might want to consider changing the signature of "src/ads/Adsense.ts" to use named exports only.
[35mvue-google-adsense:build: [0msuccess Bundled src/ads/Adsense.ts in cjs-min format (136ms)
[35mvue-google-adsense:build: [0m/bin/sh: /Users/irfan.maulana/Documents/workspace/personal/vue-google-adsense/node_modules/.pnpm/bili@5.0.5/node_modules/bili/dist/vendor/macos/term-size: No such file or directory
[35mvue-google-adsense:build: [0mâ”Œâ”€â”€â”€â”€â”€â”€â”€â”€â”€â”€â”€â”€â”€â”€â”€â”€â”€â”€â”€â”€â”€â”€â”€â”€â”€â”€â”€â”€â”€â”€â”€â”€â”€â”€â”€â”€â”€â”
[35mvue-google-adsense:build: [0mâ”‚File                 Size     Gzippedâ”‚
[35mvue-google-adsense:build: [0mâ”‚dist/Adsense.min.js  2.33 kB  830 B  â”‚
[35mvue-google-adsense:build: [0mâ””â”€â”€â”€â”€â”€â”€â”€â”€â”€â”€â”€â”€â”€â”€â”€â”€â”€â”€â”€â”€â”€â”€â”€â”€â”€â”€â”€â”€â”€â”€â”€â”€â”€â”€â”€â”€â”€â”˜
[35mvue-google-adsense:build: [0m- Bundle src/ads/AutoAdsense.ts in esm-min format
[35mvue-google-adsense:build: [0msuccess Bundled src/ads/AutoAdsense.ts in esm-min format (45ms)
[35mvue-google-adsense:build: [0m/bin/sh: /Users/irfan.maulana/Documents/workspace/personal/vue-google-adsense/node_modules/.pnpm/bili@5.0.5/node_modules/bili/dist/vendor/macos/term-size: No such file or directory
[35mvue-google-adsense:build: [0mâ”Œâ”€â”€â”€â”€â”€â”€â”€â”€â”€â”€â”€â”€â”€â”€â”€â”€â”€â”€â”€â”€â”€â”€â”€â”€â”€â”€â”€â”€â”€â”€â”€â”€â”€â”€â”€â”€â”€â”€â”€â”€â”€â”€â”€â”
[35mvue-google-adsense:build: [0mâ”‚File                         Size   Gzippedâ”‚
[35mvue-google-adsense:build: [0mâ”‚dist/AutoAdsense.esm.min.js  522 B  369 B  â”‚
[35mvue-google-adsense:build: [0mâ””â”€â”€â”€â”€â”€â”€â”€â”€â”€â”€â”€â”€â”€â”€â”€â”€â”€â”€â”€â”€â”€â”€â”€â”€â”€â”€â”€â”€â”€â”€â”€â”€â”€â”€â”€â”€â”€â”€â”€â”€â”€â”€â”€â”˜
[35mvue-google-adsense:build: [0m- Bundle src/ads/AutoAdsense.ts in cjs-min format
[35mvue-google-adsense:build: [0mwarning prefer_named_exports: Entry module "src/ads/AutoAdsense.ts" is implicitly using "default" export mode, which means for CommonJS output that its default export is assigned to "module.exports". For many tools, such CommonJS output will not be interchangeable with the original ES module. If this is intended, explicitly set "output.exports" to either "auto" or "default", otherwise you might want to consider changing the signature of "src/ads/AutoAdsense.ts" to use named exports only.
[35mvue-google-adsense:build: [0msuccess Bundled src/ads/AutoAdsense.ts in cjs-min format (51ms)
[35mvue-google-adsense:build: [0m/bin/sh: /Users/irfan.maulana/Documents/workspace/personal/vue-google-adsense/node_modules/.pnpm/bili@5.0.5/node_modules/bili/dist/vendor/macos/term-size: No such file or directory
[35mvue-google-adsense:build: [0mâ”Œâ”€â”€â”€â”€â”€â”€â”€â”€â”€â”€â”€â”€â”€â”€â”€â”€â”€â”€â”€â”€â”€â”€â”€â”€â”€â”€â”€â”€â”€â”€â”€â”€â”€â”€â”€â”€â”€â”€â”€â”
[35mvue-google-adsense:build: [0mâ”‚File                     Size   Gzippedâ”‚
[35mvue-google-adsense:build: [0mâ”‚dist/AutoAdsense.min.js  531 B  372 B  â”‚
[35mvue-google-adsense:build: [0mâ””â”€â”€â”€â”€â”€â”€â”€â”€â”€â”€â”€â”€â”€â”€â”€â”€â”€â”€â”€â”€â”€â”€â”€â”€â”€â”€â”€â”€â”€â”€â”€â”€â”€â”€â”€â”€â”€â”€â”€â”˜
[35mvue-google-adsense:build: [0m- Bundle src/ads/InArticleAdsense.ts in esm-min format
[35mvue-google-adsense:build: [0msuccess Bundled src/ads/InArticleAdsense.ts in esm-min format (121ms)
[35mvue-google-adsense:build: [0m/bin/sh: /Users/irfan.maulana/Documents/workspace/personal/vue-google-adsense/node_modules/.pnpm/bili@5.0.5/node_modules/bili/dist/vendor/macos/term-size: No such file or directory
[35mvue-google-adsense:build: [0mâ”Œâ”€â”€â”€â”€â”€â”€â”€â”€â”€â”€â”€â”€â”€â”€â”€â”€â”€â”€â”€â”€â”€â”€â”€â”€â”€â”€â”€â”€â”€â”€â”€â”€â”€â”€â”€â”€â”€â”€â”€â”€â”€â”€â”€â”€â”€â”€â”€â”€â”€â”
[35mvue-google-adsense:build: [0mâ”‚File                              Size    Gzippedâ”‚
[35mvue-google-adsense:build: [0mâ”‚dist/InArticleAdsense.esm.min.js  2.4 kB  941 B  â”‚
[35mvue-google-adsense:build: [0mâ””â”€â”€â”€â”€â”€â”€â”€â”€â”€â”€â”€â”€â”€â”€â”€â”€â”€â”€â”€â”€â”€â”€â”€â”€â”€â”€â”€â”€â”€â”€â”€â”€â”€â”€â”€â”€â”€â”€â”€â”€â”€â”€â”€â”€â”€â”€â”€â”€â”€â”˜
[35mvue-google-adsense:build: [0m- Bundle src/ads/InArticleAdsense.ts in cjs-min format
[35mvue-google-adsense:build: [0mwarning prefer_named_exports: Entry module "src/ads/InArticleAdsense.ts" is implicitly using "default" export mode, which means for CommonJS output that its default export is assigned to "module.exports". For many tools, such CommonJS output will not be interchangeable with the original ES module. If this is intended, explicitly set "output.exports" to either "auto" or "default", otherwise you might want to consider changing the signature of "src/ads/InArticleAdsense.ts" to use named exports only.
[35mvue-google-adsense:build: [0msuccess Bundled src/ads/InArticleAdsense.ts in cjs-min format (107ms)
[35mvue-google-adsense:build: [0m/bin/sh: /Users/irfan.maulana/Documents/workspace/personal/vue-google-adsense/node_modules/.pnpm/bili@5.0.5/node_modules/bili/dist/vendor/macos/term-size: No such file or directory
[35mvue-google-adsense:build: [0mâ”Œâ”€â”€â”€â”€â”€â”€â”€â”€â”€â”€â”€â”€â”€â”€â”€â”€â”€â”€â”€â”€â”€â”€â”€â”€â”€â”€â”€â”€â”€â”€â”€â”€â”€â”€â”€â”€â”€â”€â”€â”€â”€â”€â”€â”€â”€â”€â”
[35mvue-google-adsense:build: [0mâ”‚File                          Size     Gzippedâ”‚
[35mvue-google-adsense:build: [0mâ”‚dist/InArticleAdsense.min.js  2.53 kB  927 B  â”‚
[35mvue-google-adsense:build: [0mâ””â”€â”€â”€â”€â”€â”€â”€â”€â”€â”€â”€â”€â”€â”€â”€â”€â”€â”€â”€â”€â”€â”€â”€â”€â”€â”€â”€â”€â”€â”€â”€â”€â”€â”€â”€â”€â”€â”€â”€â”€â”€â”€â”€â”€â”€â”€â”˜
[35mvue-google-adsense:build: [0m- Bundle src/ads/InFeedAdsense.ts in esm-min format
[35mvue-google-adsense:build: [0msuccess Bundled src/ads/InFeedAdsense.ts in esm-min format (223ms)
[35mvue-google-adsense:build: [0m/bin/sh: /Users/irfan.maulana/Documents/workspace/personal/vue-google-adsense/node_modules/.pnpm/bili@5.0.5/node_modules/bili/dist/vendor/macos/term-size: No such file or directory
[35mvue-google-adsense:build: [0mâ”Œâ”€â”€â”€â”€â”€â”€â”€â”€â”€â”€â”€â”€â”€â”€â”€â”€â”€â”€â”€â”€â”€â”€â”€â”€â”€â”€â”€â”€â”€â”€â”€â”€â”€â”€â”€â”€â”€â”€â”€â”€â”€â”€â”€â”€â”€â”€â”€â”
[35mvue-google-adsense:build: [0mâ”‚File                           Size     Gzippedâ”‚
[35mvue-google-adsense:build: [0mâ”‚dist/InFeedAdsense.esm.min.js  2.43 kB  938 B  â”‚
[35mvue-google-adsense:build: [0mâ””â”€â”€â”€â”€â”€â”€â”€â”€â”€â”€â”€â”€â”€â”€â”€â”€â”€â”€â”€â”€â”€â”€â”€â”€â”€â”€â”€â”€â”€â”€â”€â”€â”€â”€â”€â”€â”€â”€â”€â”€â”€â”€â”€â”€â”€â”€â”€â”˜
[35mvue-google-adsense:build: [0m- Bundle src/ads/InFeedAdsense.ts in cjs-min format
[35mvue-google-adsense:build: [0mwarning prefer_named_exports: Entry module "src/ads/InFeedAdsense.ts" is implicitly using "default" export mode, which means for CommonJS output that its default export is assigned to "module.exports". For many tools, such CommonJS output will not be interchangeable with the original ES module. If this is intended, explicitly set "output.exports" to either "auto" or "default", otherwise you might want to consider changing the signature of "src/ads/InFeedAdsense.ts" to use named exports only.
[35mvue-google-adsense:build: [0msuccess Bundled src/ads/InFeedAdsense.ts in cjs-min format (104ms)
[35mvue-google-adsense:build: [0m/bin/sh: /Users/irfan.maulana/Documents/workspace/personal/vue-google-adsense/node_modules/.pnpm/bili@5.0.5/node_modules/bili/dist/vendor/macos/term-size: No such file or directory
[35mvue-google-adsense:build: [0mâ”Œâ”€â”€â”€â”€â”€â”€â”€â”€â”€â”€â”€â”€â”€â”€â”€â”€â”€â”€â”€â”€â”€â”€â”€â”€â”€â”€â”€â”€â”€â”€â”€â”€â”€â”€â”€â”€â”€â”€â”€â”€â”€â”€â”€â”
[35mvue-google-adsense:build: [0mâ”‚File                       Size     Gzippedâ”‚
[35mvue-google-adsense:build: [0mâ”‚dist/InFeedAdsense.min.js  2.56 kB  925 B  â”‚
[35mvue-google-adsense:build: [0mâ””â”€â”€â”€â”€â”€â”€â”€â”€â”€â”€â”€â”€â”€â”€â”€â”€â”€â”€â”€â”€â”€â”€â”€â”€â”€â”€â”€â”€â”€â”€â”€â”€â”€â”€â”€â”€â”€â”€â”€â”€â”€â”€â”€â”˜
